<?xml version="1.0" encoding="UTF-8"?>
<!-- Generated by org.testng.reporters.JUnitXMLReporter -->
<testsuite hostname="DESKTOP-TJOH7SC" name="Test" tests="4" failures="3" timestamp="31 May 2020 10:38:38 GMT" time="13.791" errors="0">
  <testcase name="idDescrptionVerify" time="7.797" classname="com.api.testing.WeatherIdANDDescriptionValidator">
    <failure type="java.lang.AssertionError" message="expected:&amp;lt;[803]&amp;gt; but was:&amp;lt;800&amp;gt;">
      <![CDATA[java.lang.AssertionError: expected:<[803]> but was:<800>
	at com.api.testing.WeatherIdANDDescriptionValidator.idDescrptionVerify(WeatherIdANDDescriptionValidator.java:67)
... Removed 28 stack frames]]>
    </failure>
  </testcase> <!-- idDescrptionVerify -->
  <testcase name="hourlyInterval" time="1.777" classname="com.api.testing.Hourly_Interval">
    <failure type="java.lang.AssertionError" message="Not Contineous Interval">
      <![CDATA[java.lang.AssertionError: Not Contineous Interval
	at com.api.testing.Hourly_Interval.hourlyInterval(Hourly_Interval.java:81)
... Removed 25 stack frames]]>
    </failure>
  </testcase> <!-- hourlyInterval -->
  <testcase name="getData" time="4.164" classname="com.api.testing.Temprature_Validator"/>
  <testcase name="temperatureValidation" time="0.003" classname="com.api.testing.Temprature_Validator">
    <failure type="java.lang.ClassCastException" message="java.lang.Float cannot be cast to java.lang.Double">
      <![CDATA[java.lang.ClassCastException: java.lang.Float cannot be cast to java.lang.Double
	at com.api.testing.Temprature_Validator.temperatureValidation(Temprature_Validator.java:59)
... Removed 24 stack frames]]>
    </failure>
  </testcase> <!-- temperatureValidation -->
</testsuite> <!-- Test -->
