<?xml version="1.0" encoding="UTF-8"?>
<!-- Generated by org.testng.reporters.JUnitXMLReporter -->
<testsuite hostname="DESKTOP-TJOH7SC" name="Test" tests="2" failures="1" timestamp="30 May 2020 11:32:37 GMT" time="10.281" errors="0">
  <testcase name="idDescrptionVerify" time="8.871" classname="com.api.testing.WeatherIdANDDescriptionValidator">
    <failure type="java.lang.AssertionError" message="expected:&amp;lt;[803]&amp;gt; but was:&amp;lt;800&amp;gt;">
      <![CDATA[java.lang.AssertionError: expected:<[803]> but was:<800>
	at com.api.testing.WeatherIdANDDescriptionValidator.idDescrptionVerify(WeatherIdANDDescriptionValidator.java:67)
... Removed 28 stack frames]]>
    </failure>
  </testcase> <!-- idDescrptionVerify -->
  <testcase name="hourlyInterval" time="1.348" classname="com.api.testing.Hourly_Interval"/>
</testsuite> <!-- Test -->
