<?xml version="1.0" encoding="UTF-8"?>
<testng-results skipped="0" failed="1" total="2" passed="1">
  <reporter-output>
  </reporter-output>
  <suite name="Default suite" duration-ms="7667" started-at="2020-05-31T13:52:00Z" finished-at="2020-05-31T13:52:08Z">
    <groups>
    </groups>
    <test name="Default test" duration-ms="7667" started-at="2020-05-31T13:52:00Z" finished-at="2020-05-31T13:52:08Z">
      <class name="com.api.testing.Temprature_Validator">
        <test-method status="PASS" signature="getData()[pri:0, instance:com.api.testing.Temprature_Validator@66480dd7]" name="getData" duration-ms="7520" started-at="2020-05-31T13:52:00Z" finished-at="2020-05-31T13:52:08Z">
        </test-method> <!-- getData -->
        <test-method status="FAIL" signature="temperatureValidation()[pri:0, instance:com.api.testing.Temprature_Validator@66480dd7]" name="temperatureValidation" duration-ms="112" started-at="2020-05-31T13:52:08Z" finished-at="2020-05-31T13:52:08Z">
          <exception class="java.lang.ClassCastException">
            <message>
              <![CDATA[java.lang.Float cannot be cast to java.lang.Double]]>
            </message>
            <full-stacktrace>
              <![CDATA[java.lang.ClassCastException: java.lang.Float cannot be cast to java.lang.Double
	at java.util.stream.ReferencePipeline$6$1.accept(Unknown Source)
	at java.util.ArrayList$ArrayListSpliterator.forEachRemaining(Unknown Source)
	at java.util.stream.AbstractPipeline.copyInto(Unknown Source)
	at java.util.stream.AbstractPipeline.wrapAndCopyInto(Unknown Source)
	at java.util.stream.AbstractPipeline.evaluate(Unknown Source)
	at java.util.stream.AbstractPipeline.evaluateToArrayNode(Unknown Source)
	at java.util.stream.DoublePipeline.toArray(Unknown Source)
	at com.api.testing.Temprature_Validator.temperatureValidation(Temprature_Validator.java:75)
	at sun.reflect.NativeMethodAccessorImpl.invoke0(Native Method)
	at sun.reflect.NativeMethodAccessorImpl.invoke(Unknown Source)
	at sun.reflect.DelegatingMethodAccessorImpl.invoke(Unknown Source)
	at java.lang.reflect.Method.invoke(Unknown Source)
	at org.testng.internal.MethodInvocationHelper.invokeMethod(MethodInvocationHelper.java:80)
	at org.testng.internal.Invoker.invokeMethod(Invoker.java:702)
	at org.testng.internal.Invoker.invokeTestMethod(Invoker.java:894)
	at org.testng.internal.Invoker.invokeTestMethods(Invoker.java:1219)
	at org.testng.internal.TestMethodWorker.invokeTestMethods(TestMethodWorker.java:127)
	at org.testng.internal.TestMethodWorker.run(TestMethodWorker.java:111)
	at org.testng.TestRunner.privateRun(TestRunner.java:768)
	at org.testng.TestRunner.run(TestRunner.java:617)
	at org.testng.SuiteRunner.runTest(SuiteRunner.java:334)
	at org.testng.SuiteRunner.runSequentially(SuiteRunner.java:329)
	at org.testng.SuiteRunner.privateRun(SuiteRunner.java:291)
	at org.testng.SuiteRunner.run(SuiteRunner.java:240)
	at org.testng.SuiteRunnerWorker.runSuite(SuiteRunnerWorker.java:53)
	at org.testng.SuiteRunnerWorker.run(SuiteRunnerWorker.java:87)
	at org.testng.TestNG.runSuitesSequentially(TestNG.java:1188)
	at org.testng.TestNG.runSuitesLocally(TestNG.java:1113)
	at org.testng.TestNG.run(TestNG.java:1025)
	at org.testng.remote.AbstractRemoteTestNG.run(AbstractRemoteTestNG.java:126)
	at org.testng.remote.RemoteTestNG.initAndRun(RemoteTestNG.java:137)
	at org.testng.remote.RemoteTestNG.main(RemoteTestNG.java:58)
]]>
            </full-stacktrace>
          </exception> <!-- java.lang.ClassCastException -->
        </test-method> <!-- temperatureValidation -->
      </class> <!-- com.api.testing.Temprature_Validator -->
    </test> <!-- Default test -->
  </suite> <!-- Default suite -->
</testng-results>
